<?xml version="1.0" encoding="UTF-8"?>
<!-- Generated by org.testng.reporters.JUnitReportReporter -->
<testsuite hostname="LAPTOP-D50246KN" failures="0" tests="2" name="com.qa.crm.tests.HomePageTest" time="12.666" errors="0" timestamp="2021-04-18T21:13:46 IST" skipped="0">
  <testcase classname="com.qa.crm.tests.HomePageTest" name="homePageTitleTest" time="5.854"/>
  <system-out/>
  <testcase classname="com.qa.crm.tests.HomePageTest" name="accounntNameTest" time="6.812"/>
  <system-out/>
</testsuite> <!-- com.qa.crm.tests.HomePageTest -->
