<?xml version="1.0" encoding="UTF-8"?>
<!-- Generated by org.testng.reporters.JUnitReportReporter -->
<testsuite hostname="LAPTOP-D50246KN" failures="0" tests="4" name="com.qa.crm.tests.LoginPageTest" time="21.916" errors="0" timestamp="2021-04-18T21:13:46 IST" skipped="0">
  <testcase classname="com.qa.crm.tests.LoginPageTest" name="loginPageTitleTest" time="3.575"/>
  <system-out/>
  <testcase classname="com.qa.crm.tests.LoginPageTest" name="signUpLinkTest" time="5.146"/>
  <system-out/>
  <testcase classname="com.qa.crm.tests.LoginPageTest" name="forgotPasswordLinkTest" time="6.463"/>
  <system-out/>
  <testcase classname="com.qa.crm.tests.LoginPageTest" name="loginTest" time="6.732"/>
  <system-out/>
</testsuite> <!-- com.qa.crm.tests.LoginPageTest -->
