<?xml version="1.0" encoding="UTF-8"?>
<!-- Generated by org.testng.reporters.JUnitReportReporter -->
<testsuite hostname="LAPTOP-D50246KN" failures="0" tests="5" name="com.qa.crm.tests.AccountPageTest" time="41.840" errors="0" timestamp="2021-04-18T20:34:43 IST" skipped="0">
  <testcase classname="com.qa.crm.tests.AccountPageTest" name="accountPageHeaderTest" time="7.707"/>
  <system-out/>
  <testcase classname="com.qa.crm.tests.AccountPageTest" name="accountAddTest" time="8.778"/>
  <system-out/>
  <testcase classname="com.qa.crm.tests.AccountPageTest" name="accountAddTest" time="8.374"/>
  <system-out/>
  <testcase classname="com.qa.crm.tests.AccountPageTest" name="accountAddTest" time="8.935"/>
  <system-out/>
  <testcase classname="com.qa.crm.tests.AccountPageTest" name="accountAddTest" time="8.046"/>
  <system-out/>
</testsuite> <!-- com.qa.crm.tests.AccountPageTest -->
