<?xml version="1.0" encoding="UTF-8"?>
<!-- Generated by org.testng.reporters.JUnitReportReporter -->
<testsuite hostname="LAPTOP-D50246KN" failures="0" tests="2" name="com.qa.crm.tests.HomePageTest" time="16.487" errors="0" timestamp="2021-04-18T19:01:55 IST" skipped="0">
  <testcase classname="com.qa.crm.tests.HomePageTest" name="homePageTitleTest" time="8.770"/>
  <system-out/>
  <testcase classname="com.qa.crm.tests.HomePageTest" name="accounntNameTest" time="7.717"/>
  <system-out/>
</testsuite> <!-- com.qa.crm.tests.HomePageTest -->
