<?xml version="1.0" encoding="UTF-8"?>
<!-- Generated by org.testng.reporters.JUnitReportReporter -->
<testsuite hostname="LAPTOP-D50246KN" failures="0" tests="2" name="com.qa.crm.tests.HomePageTest" time="14.834" errors="0" timestamp="15 Apr 2021 19:28:58 GMT" skipped="0">
  <testcase classname="com.qa.crm.tests.HomePageTest" name="homePageTitleTest" time="5.692"/>
  <testcase classname="com.qa.crm.tests.HomePageTest" name="accounntNameTest" time="9.142"/>
</testsuite> <!-- com.qa.crm.tests.HomePageTest -->
