<?xml version="1.0" encoding="UTF-8"?>
<!-- Generated by org.testng.reporters.JUnitReportReporter -->
<testsuite hostname="LAPTOP-D50246KN" failures="0" tests="4" name="com.qa.crm.tests.LoginPageTest" time="22.397" errors="0" timestamp="2021-04-18T19:01:55 IST" skipped="0">
  <testcase classname="com.qa.crm.tests.LoginPageTest" name="loginPageTitleTest" time="4.646"/>
  <system-out/>
  <testcase classname="com.qa.crm.tests.LoginPageTest" name="signUpLinkTest" time="5.629"/>
  <system-out/>
  <testcase classname="com.qa.crm.tests.LoginPageTest" name="forgotPasswordLinkTest" time="5.530"/>
  <system-out/>
  <testcase classname="com.qa.crm.tests.LoginPageTest" name="loginTest" time="6.592"/>
  <system-out/>
</testsuite> <!-- com.qa.crm.tests.LoginPageTest -->
