<?xml version="1.0" encoding="UTF-8"?>
<!-- Generated by org.testng.reporters.JUnitReportReporter -->
<testsuite hostname="LAPTOP-D50246KN" failures="0" tests="4" name="com.qa.crm.tests.LoginPageTest" time="23.266" errors="0" timestamp="2021-04-16T23:22:02 IST" skipped="0">
  <testcase classname="com.qa.crm.tests.LoginPageTest" name="loginPageTitleTest" time="5.274"/>
  <system-out/>
  <testcase classname="com.qa.crm.tests.LoginPageTest" name="signUpLinkTest" time="7.048"/>
  <system-out/>
  <testcase classname="com.qa.crm.tests.LoginPageTest" name="forgotPasswordLinkTest" time="5.599"/>
  <system-out/>
  <testcase classname="com.qa.crm.tests.LoginPageTest" name="loginTest" time="5.345"/>
  <system-out/>
</testsuite> <!-- com.qa.crm.tests.LoginPageTest -->
