<?xml version="1.0" encoding="UTF-8"?>
<!-- Generated by org.testng.reporters.JUnitReportReporter -->
<testsuite hostname="LAPTOP-D50246KN" failures="0" tests="5" name="com.qa.crm.tests.AccountPageTest" time="40.129" errors="0" timestamp="16 Apr 2021 13:46:14 GMT" skipped="0">
  <testcase classname="com.qa.crm.tests.AccountPageTest" name="accountPageHeaderTest" time="7.096"/>
  <testcase classname="com.qa.crm.tests.AccountPageTest" name="accountAddTest" time="8.559"/>
  <testcase classname="com.qa.crm.tests.AccountPageTest" name="accountAddTest" time="7.788"/>
  <testcase classname="com.qa.crm.tests.AccountPageTest" name="accountAddTest" time="7.812"/>
  <testcase classname="com.qa.crm.tests.AccountPageTest" name="accountAddTest" time="8.874"/>
</testsuite> <!-- com.qa.crm.tests.AccountPageTest -->
