<?xml version="1.0" encoding="UTF-8"?>
<!-- Generated by org.testng.reporters.JUnitReportReporter -->
<testsuite hostname="LAPTOP-D50246KN" failures="0" tests="2" name="com.qa.crm.tests.HomePageTest" time="12.828" errors="0" timestamp="2021-04-18T20:34:43 IST" skipped="0">
  <testcase classname="com.qa.crm.tests.HomePageTest" name="homePageTitleTest" time="5.721"/>
  <system-out/>
  <testcase classname="com.qa.crm.tests.HomePageTest" name="accounntNameTest" time="7.107"/>
  <system-out/>
</testsuite> <!-- com.qa.crm.tests.HomePageTest -->
