<?xml version="1.0" encoding="UTF-8"?>
<!-- Generated by org.testng.reporters.JUnitReportReporter -->
<testsuite hostname="LAPTOP-D50246KN" failures="0" tests="2" name="com.qa.crm.tests.HomePageTest" time="14.875" errors="0" timestamp="2021-04-18T20:51:15 IST" skipped="0">
  <testcase classname="com.qa.crm.tests.HomePageTest" name="homePageTitleTest" time="6.842"/>
  <system-out/>
  <testcase classname="com.qa.crm.tests.HomePageTest" name="accounntNameTest" time="8.033"/>
  <system-out/>
</testsuite> <!-- com.qa.crm.tests.HomePageTest -->
