<?xml version="1.0" encoding="UTF-8"?>
<!-- Generated by org.testng.reporters.JUnitReportReporter -->
<testsuite hostname="LAPTOP-D50246KN" failures="0" tests="5" name="com.qa.crm.tests.AccountPageTest" time="47.088" errors="0" timestamp="2021-04-18T19:01:55 IST" skipped="0">
  <testcase classname="com.qa.crm.tests.AccountPageTest" name="accountPageHeaderTest" time="8.341"/>
  <system-out/>
  <testcase classname="com.qa.crm.tests.AccountPageTest" name="accountAddTest" time="10.219"/>
  <system-out/>
  <testcase classname="com.qa.crm.tests.AccountPageTest" name="accountAddTest" time="9.116"/>
  <system-out/>
  <testcase classname="com.qa.crm.tests.AccountPageTest" name="accountAddTest" time="9.853"/>
  <system-out/>
  <testcase classname="com.qa.crm.tests.AccountPageTest" name="accountAddTest" time="9.559"/>
  <system-out/>
</testsuite> <!-- com.qa.crm.tests.AccountPageTest -->
