<?xml version="1.0" encoding="UTF-8"?>
<!-- Generated by org.testng.reporters.JUnitReportReporter -->
<testsuite hostname="LAPTOP-D50246KN" failures="0" tests="1" name="com.qa.crm.tests.HomePageTest" time="6.738" errors="0" timestamp="19 Apr 2021 12:24:29 GMT" skipped="0">
  <testcase classname="com.qa.crm.tests.HomePageTest" name="homePageTitleTest" time="6.738"/>
</testsuite> <!-- com.qa.crm.tests.HomePageTest -->
